C51 COMPILER V9.01   MAIN                                                                  09/23/2021 21:06:11 PAGE 1   


C51 COMPILER V9.01, COMPILATION OF MODULE MAIN
OBJECT MODULE PLACED IN ..\..\New folder\main.obj
COMPILER INVOKED BY: c:\keil\c51\bin\c51.exe  ..\..\New folder\Chay_chu_88\main.c BROWSE DEBUG OBJECTEXTEND PRINT(.\main
                    -.lst) OBJECT(..\..\New folder\main.obj)

line level    source

   1          //---------------------CHAY CHU TREN MA TRAM LED 8X8------------------------------------------------------
             --
   2          // Writed : biendt
   3          // Mail :  biendt.biendt@gmail.com
   4          // Web  : wWw.hoiquandientu.com
   5          // VXl  : Psoc Cy8C28466
   6          
   7          // Phan cung :  P0_0 noi chan 1 UNL2803 va chan 18 UNL2803 noi voi cot 1 LED
   8          //                              P0_1 noi chan 2 ULN2803 va chan 17 UNL2803 noi voi cot 2 LED
   9          //                              ...........................................................
  10          //                              P0_7 noi chan 8 UNL2803 va chan 11 UNL2803 noi voi cot 8 LED
  11          //==========================================================================
  12          //                              P2_0 noi chan B A1013_1(qua dien tro han dong) va chan C A1013_1 noi voi hang 1
  13          //                              P2_1 noi chan B A1013_2(qua dien tro han hong) va chan C A1013_2 noi voi hang 2
  14          //                              --------------------------------------------------------------------------
  15          //                              P2_7  noi chan B A1013_8 (qua dien tro han dong) va chan C A1013_8 noi hang 8
  16          //=========================================================================================     
  17          //Yeu cau : chay chu " www.hoiquandientu.com" tu phai qua trai va nguoc lai tren ma tran LED 8*8
  18          //----------------------------------------------------------------------------
  19          #include <m8c.h>        // part specific constants and macros
*** WARNING C318 IN LINE 19 OF ..\..\New folder\Chay_chu_88\main.c: can't open file 'm8c.h'
  20          #include "PSoCAPI.h"    // PSoC API definitions for all User Modules
*** WARNING C318 IN LINE 20 OF ..\..\New folder\Chay_chu_88\main.c: can't open file 'PSoCAPI.h'
  21          void delay(unsigned int t)
  22                  {
  23   1                      unsigned int i,j;
  24   1                      for(i=0;i<50;i++)
  25   1                      for(j=0;j<t;j++);
  26   1              }
  27          // Ma LED tinh o muc 0          
  28          unsigned int const LEDCODE[135]={0xFF,0xFF,0xFF,0xFF,0xFF,0xFF,0xFF,0xFF,0x81,0x7F,0xBF,0xCF,0xBF,0x7F,0x8
             -1,0xFF,0x81,0x7F,0xBF,0xCF,0xBF,0x7F,0x81,0xFF,0x81,0x7F,0xBF,0xCF,0xBF,0x7F,0x81,0xFF,
  29                                                                  0x1F,0x1F,0x1F,0xFF,  
  30                                                                  0x01,0xEF,0xEF,0xEF,0x01,0xFF,0x83,0x7D,0x7D,0x7D,0x83,0xFF,0x01,0xFF,0x83,0x7D,0x7D,0x3D,0x03,0x7F
             -,0x83,0x7F,0x7F,0x7F,
  31                                                                  0x81,0xFF,0x07,0xEB,0xED,0xEB,0x07,0xFF,0x01,0xFB,0xF7,0xEF,0x01,0xFF,0x01,0x7D,0x7D,0x7D,0x83,0xFF
             -,0x01,0xFF,0x01,0x6D,
  32                                                                  0x6D,0x6D,0xFF,0x01,0xFB,0xF7,0xEF,0x01,0xFF,0xFD,0xFD,0x01,0xFD,0xFD,0xFF,0x81,0x7F,0x7F,0x7F,0x81
             -,0xFF,0x1F,0x1F,0x1F,
  33                                                                  0xFF,0x83,0x7D,0x7D,0x7D,0xBB,0xFF,0x83,0x7D,0x7D,0x7D,0x83,0xFF,0x01,0xFB,0xF7,0xF7,0xFB,0x01,0xFF
             -,0xFF,0xFF,0xFF,0xFF,0xFF,0xFF,0xFF};                
  34          unsigned int quet[8]={0xfe,0xfd,0xfb,0xf7,0xef,0xdf,0xbf,0x7f};  // tinh o muc 0
  35          
  36          
  37          void chaythuan()
  38                  {
  39   1                      unsigned int m,n,lap;
  40   1                      for(m=0;m<127;m++)
  41   1                              {
  42   2                                      for(lap=0;lap<30;lap++)
  43   2                                              {
  44   3                                                      for(n=0;n<8;n++)
  45   3                                                              {
  46   4                                                                      PRT0DR=~quet[n];
C51 COMPILER V9.01   MAIN                                                                  09/23/2021 21:06:11 PAGE 2   

*** ERROR C202 IN LINE 46 OF ..\..\NEW FOLDER\CHAY_CHU_88\MAIN.C: 'PRT0DR': undefined identifier
  47   4                                                                      PRT2DR=LEDCODE[m+n];
*** ERROR C202 IN LINE 47 OF ..\..\NEW FOLDER\CHAY_CHU_88\MAIN.C: 'PRT2DR': undefined identifier
  48   4                                                                      delay(10);
  49   4                                                                      
  50   4                                                              }
  51   3                                                      PRT0DR=0x00;
*** ERROR C202 IN LINE 51 OF ..\..\NEW FOLDER\CHAY_CHU_88\MAIN.C: 'PRT0DR': undefined identifier
  52   3                                                      PRT2DR=0xff;
*** ERROR C202 IN LINE 52 OF ..\..\NEW FOLDER\CHAY_CHU_88\MAIN.C: 'PRT2DR': undefined identifier
  53   3                                              }
  54   2                              }
  55   1              }
  56          void chaynguoc()
  57                  {
  58   1                      unsigned int m,n,lap;
  59   1                      PRT0DR=0xff;
*** ERROR C202 IN LINE 59 OF ..\..\NEW FOLDER\CHAY_CHU_88\MAIN.C: 'PRT0DR': undefined identifier
  60   1                      PRT2DR=0xff;
*** ERROR C202 IN LINE 60 OF ..\..\NEW FOLDER\CHAY_CHU_88\MAIN.C: 'PRT2DR': undefined identifier
  61   1                      for(m=0;m<127;m++)
  62   1                              {
  63   2                                      for(lap=0;lap<25;lap++)
  64   2                                              {
  65   3                                                      for(n=0;n<8;n++)
  66   3                                                              {
  67   4                                                                      PRT0DR=~quet[7-n];
*** ERROR C202 IN LINE 67 OF ..\..\NEW FOLDER\CHAY_CHU_88\MAIN.C: 'PRT0DR': undefined identifier
  68   4                                                                      PRT2DR=LEDCODE[134-m-n];
*** ERROR C202 IN LINE 68 OF ..\..\NEW FOLDER\CHAY_CHU_88\MAIN.C: 'PRT2DR': undefined identifier
  69   4                                                                      delay(10);
  70   4                                                                      
  71   4                                                              }
  72   3                                                      PRT0DR=0x00;
*** ERROR C202 IN LINE 72 OF ..\..\NEW FOLDER\CHAY_CHU_88\MAIN.C: 'PRT0DR': undefined identifier
  73   3                                                      PRT2DR=0xff;
*** ERROR C202 IN LINE 73 OF ..\..\NEW FOLDER\CHAY_CHU_88\MAIN.C: 'PRT2DR': undefined identifier
  74   3                                              }
  75   2                              }
  76   1              }                                                               
  77                                                                          
  78          void main()
  79          {
  80   1      PRT0DR=0xff;
*** ERROR C202 IN LINE 80 OF ..\..\NEW FOLDER\CHAY_CHU_88\MAIN.C: 'PRT0DR': undefined identifier
  81   1      PRT2DR=0xff;  
*** ERROR C202 IN LINE 81 OF ..\..\NEW FOLDER\CHAY_CHU_88\MAIN.C: 'PRT2DR': undefined identifier
  82   1      while(1)
  83   1              {
  84   2                      chaythuan();            
  85   2                      chaynguoc();
  86   2              }       
  87   1      }

C51 COMPILATION COMPLETE.  2 WARNING(S),  12 ERROR(S)
