C51 COMPILER V9.01   TL866                                                                 09/23/2021 23:05:58 PAGE 1   


C51 COMPILER V9.01, COMPILATION OF MODULE TL866
OBJECT MODULE PLACED IN tl866.OBJ
COMPILER INVOKED BY: c:\keil\c51\bin\c51.exe  tl866.c BROWSE DEBUG OBJECTEXTEND

line level    source

   1          #include<reg51.h>
   2          sbit rd=P3^7;                  //Read signal P3.7
   3          sbit wr=P3^6;                  //Write signal P3.6
   4          sbit cs=P3^5;                  //Chip Select P3.5
   5          sbit intr= P3^4;                //INTR signal P3.4
   6          int array[10]={0xc0,0xF9,0xA4,0xB0,0x99,0x92,0x82,0xf8,0x80,0x90};
   7          sbit dp=P0^7;
   8          sbit led0=P2^0;
   9          sbit led1=P2^1;
  10          sbit led2=P2^2;
  11          unsigned int adc_avg,adc;
  12          void delay()
  13          {
  14   1              unsigned int i;
  15   1              for(i=1;i<=1000;i++);
  16   1      }
  17          
  18          
  19          
  20          
  21          void main()
  22          {
  23   1              char a,b,c;
  24   1              cs=0;
  25   1              led0=led1=led2=0;
  26   1              while(1)
  27   1              {
  28   2              // Reset tro ve so 0
  29   2      
  30   2              //Het reset
  31   2                      wr=0;
  32   2                      wr=1;
  33   2                      while(intr);
  34   2                      rd=0;   
  35   2                      adc=P1;
  36   2      
  37   2                              adc=adc*10*0.0625;
  38   2                              a=adc/100;
  39   2                              b=(adc-a*100)/10;
  40   2                              c=(adc-a*100-b*10);
  41   2                              led0=0;
  42   2                              P0=array[a];
  43   2                              delay();
  44   2                              led0=1;
  45   2                              led1=0;
  46   2                              P0=array[b];
  47   2                              dp=0;
  48   2                              delay();
  49   2                              led1=1;
  50   2                              dp=1;
  51   2                              led2=0;
  52   2                              P0=array[c];
  53   2                              delay();
  54   2                              led2=1; 
  55   2                      rd=1;
C51 COMPILER V9.01   TL866                                                                 09/23/2021 23:05:58 PAGE 2   

  56   2              }
  57   1      }
  58          


MODULE INFORMATION:   STATIC OVERLAYABLE
   CODE SIZE        =    183    ----
   CONSTANT SIZE    =   ----    ----
   XDATA SIZE       =   ----    ----
   PDATA SIZE       =   ----    ----
   DATA SIZE        =     24    ----
   IDATA SIZE       =   ----    ----
   BIT SIZE         =   ----    ----
END OF MODULE INFORMATION.


C51 COMPILATION COMPLETE.  0 WARNING(S),  0 ERROR(S)
