C51 COMPILER V9.01   UART                                                                  04/14/2022 01:29:18 PAGE 1   


C51 COMPILER V9.01, COMPILATION OF MODULE UART
OBJECT MODULE PLACED IN uart.OBJ
COMPILER INVOKED BY: c:\keil\c51\bin\c51.exe  uart.c BROWSE DEBUG OBJECTEXTEND

line level    source

   1          #include <REGX52.H>      ///Thu vien truyen duoc UART bang ki tu
   2          //#include <stdio.h>
   3          
   4          char KYTU = 0X10;
   5          
   6          void main(void)
   7          {
   8   1      SCON =0x52; // Port noi tiep che do 1, REN =TI =1;       {Chu y co TI khi khoi tao, code chay khong la do co TI
             -}
   9   1      TMOD = 0x20; //Timer 1 mode 2
  10   1      TH1 = TL1 = -3; // Toc do baud la 9600
  11   1      TR1 =1;
  12   1      
  13   1      while(!TI); // Cho TI =1;
  14   1              TI=0; //Xoa TI
  15   1              SBUF ='Z' ; // Truyen byte du lieu      
  16   1      }


MODULE INFORMATION:   STATIC OVERLAYABLE
   CODE SIZE        =     23    ----
   CONSTANT SIZE    =   ----    ----
   XDATA SIZE       =   ----    ----
   PDATA SIZE       =   ----    ----
   DATA SIZE        =      1    ----
   IDATA SIZE       =   ----    ----
   BIT SIZE         =   ----    ----
END OF MODULE INFORMATION.


C51 COMPILATION COMPLETE.  0 WARNING(S),  0 ERROR(S)
